<?xml version="1.0" encoding="UTF-8"?>
<!-- Generated by org.testng.reporters.JUnitReportReporter -->
<testsuite hostname="LAPTOP-GJ562UJB" failures="0" tests="6" name="com.EdgeTest" time="35.514" errors="0" timestamp="2023-07-31T20:04:13 IST" skipped="0">
  <testcase classname="com.EdgeTest" name="ScrollAvailabilityTest" time="2.330"/>
  <testcase classname="com.EdgeTest" name="checkContentRefreshFrequency" time="15.079"/>
  <testcase classname="com.EdgeTest" name="ProductImagesLoadedTest" time="0.229"/>
  <testcase classname="com.EdgeTest" name="SearchingIphone13" time="4.639"/>
  <testcase classname="com.EdgeTest" name="OpenFlipkartTest" time="10.930"/>
  <testcase classname="com.EdgeTest" name="scrollToBottomTest" time="2.307"/>
</testsuite> <!-- com.EdgeTest -->
