<?xml version="1.0" encoding="UTF-8"?>
<!-- Generated by org.testng.reporters.JUnitReportReporter -->
<testsuite hostname="LAPTOP-GJ562UJB" failures="0" tests="6" name="com.ChromeTest" time="39.777" errors="0" timestamp="2023-07-31T20:36:56 IST" skipped="0">
  <testcase classname="com.ChromeTest" name="SearchingIphone13" time="10.968"/>
  <testcase classname="com.ChromeTest" name="ProductImagesLoadedTest" time="0.190"/>
  <testcase classname="com.ChromeTest" name="OpenFlipkartTest" time="8.953"/>
  <testcase classname="com.ChromeTest" name="checkContentRefreshFrequency" time="15.094"/>
  <testcase classname="com.ChromeTest" name="ScrollAvailabilityTest" time="2.196"/>
  <testcase classname="com.ChromeTest" name="scrollToBottomTest" time="2.376"/>
</testsuite> <!-- com.ChromeTest -->
