<?xml version="1.0" encoding="UTF-8"?>
<!-- Generated by org.testng.reporters.JUnitReportReporter -->
<testsuite hostname="LAPTOP-GJ562UJB" failures="0" tests="1" name="com.AutomateTest" time="25.477" errors="0" timestamp="2023-07-31T15:26:02 IST" skipped="0">
  <testcase classname="com.AutomateTest" name="OpenFlipkartTest" time="25.477"/>
</testsuite> <!-- com.AutomateTest -->
