<?xml version="1.0" encoding="UTF-8"?>
<!-- Generated by org.testng.reporters.JUnitReportReporter -->
<testsuite hostname="LAPTOP-GJ562UJB" failures="0" tests="6" name="com.ChromeTest" time="35.773" errors="0" timestamp="2023-07-31T20:04:13 IST" skipped="0">
  <testcase classname="com.ChromeTest" name="scrollToBottomTest" time="2.307"/>
  <testcase classname="com.ChromeTest" name="checkContentRefreshFrequency" time="15.105"/>
  <testcase classname="com.ChromeTest" name="ProductImagesLoadedTest" time="0.261"/>
  <testcase classname="com.ChromeTest" name="SearchingIphone13" time="5.001"/>
  <testcase classname="com.ChromeTest" name="OpenFlipkartTest" time="10.833"/>
  <testcase classname="com.ChromeTest" name="ScrollAvailabilityTest" time="2.266"/>
</testsuite> <!-- com.ChromeTest -->
